<?xml version="1.0" encoding="UTF-8"?>
<testng-results skipped="0" failed="0" ignored="0" total="1" passed="1">
  <reporter-output>
  </reporter-output>
  <suite name="Default suite" duration-ms="44708" started-at="2020-08-28T11:10:06Z" finished-at="2020-08-28T11:10:51Z">
    <groups>
    </groups>
    <test name="Default test" duration-ms="44708" started-at="2020-08-28T11:10:06Z" finished-at="2020-08-28T11:10:51Z">
      <class name="SeleniumDay1.DemoGetattribute">
        <test-method status="PASS" signature="google()[pri:0, instance:SeleniumDay1.DemoGetattribute@d2cc05a]" name="google" duration-ms="44668" started-at="2020-08-28T11:10:06Z" finished-at="2020-08-28T11:10:51Z">
          <reporter-output>
          </reporter-output>
        </test-method> <!-- google -->
      </class> <!-- SeleniumDay1.DemoGetattribute -->
    </test> <!-- Default test -->
  </suite> <!-- Default suite -->
</testng-results>
